... building the model
... training
training @ iter =  0
training @ iter =  100
epoch 1, minibatch 117/117, validation error 76.153846 %
     epoch 1, minibatch 117/117, test error of best model 76.153846 %
training @ iter =  200
epoch 2, minibatch 117/117, validation error 68.461538 %
     epoch 2, minibatch 117/117, test error of best model 68.461538 %
training @ iter =  300
epoch 3, minibatch 117/117, validation error 56.923077 %
     epoch 3, minibatch 117/117, test error of best model 56.923077 %
training @ iter =  400
epoch 4, minibatch 117/117, validation error 59.230769 %
training @ iter =  500
epoch 5, minibatch 117/117, validation error 55.384615 %
     epoch 5, minibatch 117/117, test error of best model 55.384615 %
training @ iter =  600
training @ iter =  700
epoch 6, minibatch 117/117, validation error 60.000000 %
training @ iter =  800
epoch 7, minibatch 117/117, validation error 58.461538 %
training @ iter =  900
epoch 8, minibatch 117/117, validation error 57.692308 %
training @ iter =  1000
epoch 9, minibatch 117/117, validation error 60.000000 %
training @ iter =  1100
epoch 10, minibatch 117/117, validation error 59.230769 %
Optimization complete.
Best validation score of 55.384615 % obtained at iteration 585,with test performance 55.384615 %
... saving params
